<?xml version="1.0" encoding="UTF-8"?>
<testng-results skipped="0" failed="0" ignored="0" total="1" passed="1">
  <reporter-output>
  </reporter-output>
  <suite name="Default suite" duration-ms="18500" started-at="2020-07-23T23:09:46 IST" finished-at="2020-07-23T23:10:05 IST">
    <groups>
    </groups>
    <test name="Default test" duration-ms="18500" started-at="2020-07-23T23:09:46 IST" finished-at="2020-07-23T23:10:05 IST">
      <class name="com.ita.selenium.actitime.test.HelloWorldWD">
        <test-method status="PASS" signature="helloTest()[pri:0, instance:com.ita.selenium.actitime.test.HelloWorldWD@26aa12dd]" name="helloTest" duration-ms="18440" started-at="2020-07-23T23:09:46 IST" finished-at="2020-07-23T23:10:05 IST">
          <reporter-output>
          </reporter-output>
        </test-method> <!-- helloTest -->
      </class> <!-- com.ita.selenium.actitime.test.HelloWorldWD -->
    </test> <!-- Default test -->
  </suite> <!-- Default suite -->
</testng-results>
